{"C:\\usr\\y2021\\xizher\\xizher-core\\dist\\evented\\evented.js": {"path":"C:\\usr\\y2021\\xizher\\xizher-core\\dist\\evented\\evented.js","statementMap":{"0":{"start":{"line":3,"column":0},"end":{"line":3,"column":62}},"1":{"start":{"line":4,"column":0},"end":{"line":4,"column":25}},"2":{"start":{"line":11,"column":8},"end":{"line":11,"column":36}},"3":{"start":{"line":19,"column":20},"end":{"line":19,"column":38}},"4":{"start":{"line":20,"column":8},"end":{"line":22,"column":9}},"5":{"start":{"line":21,"column":12},"end":{"line":21,"column":42}},"6":{"start":{"line":23,"column":8},"end":{"line":23,"column":48}},"7":{"start":{"line":24,"column":8},"end":{"line":26,"column":10}},"8":{"start":{"line":25,"column":26},"end":{"line":25,"column":50}},"9":{"start":{"line":34,"column":20},"end":{"line":34,"column":38}},"10":{"start":{"line":35,"column":8},"end":{"line":37,"column":9}},"11":{"start":{"line":36,"column":12},"end":{"line":36,"column":19}},"12":{"start":{"line":38,"column":26},"end":{"line":38,"column":50}},"13":{"start":{"line":39,"column":8},"end":{"line":41,"column":9}},"14":{"start":{"line":40,"column":12},"end":{"line":40,"column":19}},"15":{"start":{"line":42,"column":8},"end":{"line":45,"column":9}},"16":{"start":{"line":43,"column":12},"end":{"line":43,"column":50}},"17":{"start":{"line":44,"column":12},"end":{"line":44,"column":19}},"18":{"start":{"line":46,"column":8},"end":{"line":50,"column":9}},"19":{"start":{"line":46,"column":21},"end":{"line":46,"column":22}},"20":{"start":{"line":47,"column":12},"end":{"line":49,"column":13}},"21":{"start":{"line":48,"column":16},"end":{"line":48,"column":41}},"22":{"start":{"line":58,"column":20},"end":{"line":58,"column":38}},"23":{"start":{"line":59,"column":8},"end":{"line":61,"column":9}},"24":{"start":{"line":60,"column":12},"end":{"line":60,"column":19}},"25":{"start":{"line":62,"column":26},"end":{"line":62,"column":50}},"26":{"start":{"line":63,"column":18},"end":{"line":63,"column":34}},"27":{"start":{"line":64,"column":8},"end":{"line":66,"column":9}},"28":{"start":{"line":65,"column":12},"end":{"line":65,"column":19}},"29":{"start":{"line":67,"column":23},"end":{"line":70,"column":22}},"30":{"start":{"line":71,"column":8},"end":{"line":78,"column":9}},"31":{"start":{"line":71,"column":21},"end":{"line":71,"column":22}},"32":{"start":{"line":72,"column":29},"end":{"line":72,"column":41}},"33":{"start":{"line":73,"column":12},"end":{"line":73,"column":29}},"34":{"start":{"line":74,"column":12},"end":{"line":77,"column":13}},"35":{"start":{"line":75,"column":16},"end":{"line":75,"column":20}},"36":{"start":{"line":76,"column":16},"end":{"line":76,"column":39}},"37":{"start":{"line":86,"column":20},"end":{"line":86,"column":38}},"38":{"start":{"line":87,"column":20},"end":{"line":90,"column":9}},"39":{"start":{"line":88,"column":12},"end":{"line":88,"column":31}},"40":{"start":{"line":89,"column":12},"end":{"line":89,"column":39}},"41":{"start":{"line":91,"column":8},"end":{"line":91,"column":26}},"42":{"start":{"line":94,"column":0},"end":{"line":94,"column":26}},"43":{"start":{"line":95,"column":0},"end":{"line":95,"column":26}}},"fnMap":{"0":{"name":"(anonymous_0)","decl":{"start":{"line":9,"column":4},"end":{"line":9,"column":5}},"loc":{"start":{"line":9,"column":18},"end":{"line":12,"column":5}},"line":9},"1":{"name":"(anonymous_1)","decl":{"start":{"line":18,"column":4},"end":{"line":18,"column":5}},"loc":{"start":{"line":18,"column":23},"end":{"line":27,"column":5}},"line":18},"2":{"name":"(anonymous_2)","decl":{"start":{"line":25,"column":20},"end":{"line":25,"column":21}},"loc":{"start":{"line":25,"column":26},"end":{"line":25,"column":50}},"line":25},"3":{"name":"(anonymous_3)","decl":{"start":{"line":33,"column":4},"end":{"line":33,"column":5}},"loc":{"start":{"line":33,"column":24},"end":{"line":51,"column":5}},"line":33},"4":{"name":"(anonymous_4)","decl":{"start":{"line":57,"column":4},"end":{"line":57,"column":5}},"loc":{"start":{"line":57,"column":21},"end":{"line":79,"column":5}},"line":57},"5":{"name":"(anonymous_5)","decl":{"start":{"line":85,"column":4},"end":{"line":85,"column":5}},"loc":{"start":{"line":85,"column":25},"end":{"line":92,"column":5}},"line":85},"6":{"name":"(anonymous_6)","decl":{"start":{"line":87,"column":20},"end":{"line":87,"column":21}},"loc":{"start":{"line":87,"column":33},"end":{"line":90,"column":9}},"line":87}},"branchMap":{"0":{"loc":{"start":{"line":20,"column":8},"end":{"line":22,"column":9}},"type":"if","locations":[{"start":{"line":20,"column":8},"end":{"line":22,"column":9}},{"start":{"line":20,"column":8},"end":{"line":22,"column":9}}],"line":20},"1":{"loc":{"start":{"line":35,"column":8},"end":{"line":37,"column":9}},"type":"if","locations":[{"start":{"line":35,"column":8},"end":{"line":37,"column":9}},{"start":{"line":35,"column":8},"end":{"line":37,"column":9}}],"line":35},"2":{"loc":{"start":{"line":39,"column":8},"end":{"line":41,"column":9}},"type":"if","locations":[{"start":{"line":39,"column":8},"end":{"line":41,"column":9}},{"start":{"line":39,"column":8},"end":{"line":41,"column":9}}],"line":39},"3":{"loc":{"start":{"line":42,"column":8},"end":{"line":45,"column":9}},"type":"if","locations":[{"start":{"line":42,"column":8},"end":{"line":45,"column":9}},{"start":{"line":42,"column":8},"end":{"line":45,"column":9}}],"line":42},"4":{"loc":{"start":{"line":47,"column":12},"end":{"line":49,"column":13}},"type":"if","locations":[{"start":{"line":47,"column":12},"end":{"line":49,"column":13}},{"start":{"line":47,"column":12},"end":{"line":49,"column":13}}],"line":47},"5":{"loc":{"start":{"line":59,"column":8},"end":{"line":61,"column":9}},"type":"if","locations":[{"start":{"line":59,"column":8},"end":{"line":61,"column":9}},{"start":{"line":59,"column":8},"end":{"line":61,"column":9}}],"line":59},"6":{"loc":{"start":{"line":64,"column":8},"end":{"line":66,"column":9}},"type":"if","locations":[{"start":{"line":64,"column":8},"end":{"line":66,"column":9}},{"start":{"line":64,"column":8},"end":{"line":66,"column":9}}],"line":64},"7":{"loc":{"start":{"line":70,"column":11},"end":{"line":70,"column":21}},"type":"binary-expr","locations":[{"start":{"line":70,"column":11},"end":{"line":70,"column":15}},{"start":{"line":70,"column":19},"end":{"line":70,"column":21}}],"line":70},"8":{"loc":{"start":{"line":74,"column":12},"end":{"line":77,"column":13}},"type":"if","locations":[{"start":{"line":74,"column":12},"end":{"line":77,"column":13}},{"start":{"line":74,"column":12},"end":{"line":77,"column":13}}],"line":74}},"s":{"0":1,"1":1,"2":11,"3":18,"4":18,"5":16,"6":18,"7":18,"8":3,"9":12,"10":12,"11":2,"12":10,"13":10,"14":2,"15":8,"16":2,"17":2,"18":6,"19":6,"20":7,"21":6,"22":76,"23":76,"24":40,"25":36,"26":36,"27":36,"28":9,"29":27,"30":27,"31":27,"32":29,"33":29,"34":29,"35":3,"36":3,"37":1,"38":1,"39":1,"40":1,"41":1,"42":1,"43":1},"f":{"0":11,"1":18,"2":3,"3":12,"4":76,"5":1,"6":1},"b":{"0":[16,2],"1":[2,10],"2":[2,8],"3":[2,6],"4":[6,1],"5":[40,36],"6":[9,27],"7":[27,2],"8":[3,26]},"inputSourceMap":null,"_coverageSchema":"1a1c01bbd47fc00a2c39e90264f33305004495a9","hash":"04c86dcf5c473773e5240bcd35a268b6f9baedce"}
,"C:\\usr\\y2021\\xizher\\xizher-core\\es\\evented\\evented.js": {"path":"C:\\usr\\y2021\\xizher\\xizher-core\\es\\evented\\evented.js","statementMap":{"0":{"start":{"line":3,"column":0},"end":{"line":3,"column":62}},"1":{"start":{"line":11,"column":8},"end":{"line":11,"column":36}},"2":{"start":{"line":19,"column":20},"end":{"line":19,"column":38}},"3":{"start":{"line":20,"column":8},"end":{"line":22,"column":9}},"4":{"start":{"line":21,"column":12},"end":{"line":21,"column":42}},"5":{"start":{"line":23,"column":8},"end":{"line":23,"column":48}},"6":{"start":{"line":24,"column":8},"end":{"line":26,"column":10}},"7":{"start":{"line":25,"column":26},"end":{"line":25,"column":50}},"8":{"start":{"line":34,"column":20},"end":{"line":34,"column":38}},"9":{"start":{"line":35,"column":8},"end":{"line":37,"column":9}},"10":{"start":{"line":36,"column":12},"end":{"line":36,"column":19}},"11":{"start":{"line":38,"column":26},"end":{"line":38,"column":50}},"12":{"start":{"line":39,"column":8},"end":{"line":41,"column":9}},"13":{"start":{"line":40,"column":12},"end":{"line":40,"column":19}},"14":{"start":{"line":42,"column":8},"end":{"line":45,"column":9}},"15":{"start":{"line":43,"column":12},"end":{"line":43,"column":50}},"16":{"start":{"line":44,"column":12},"end":{"line":44,"column":19}},"17":{"start":{"line":46,"column":8},"end":{"line":50,"column":9}},"18":{"start":{"line":46,"column":21},"end":{"line":46,"column":22}},"19":{"start":{"line":47,"column":12},"end":{"line":49,"column":13}},"20":{"start":{"line":48,"column":16},"end":{"line":48,"column":41}},"21":{"start":{"line":58,"column":20},"end":{"line":58,"column":38}},"22":{"start":{"line":59,"column":8},"end":{"line":61,"column":9}},"23":{"start":{"line":60,"column":12},"end":{"line":60,"column":19}},"24":{"start":{"line":62,"column":26},"end":{"line":62,"column":50}},"25":{"start":{"line":63,"column":18},"end":{"line":63,"column":34}},"26":{"start":{"line":64,"column":8},"end":{"line":66,"column":9}},"27":{"start":{"line":65,"column":12},"end":{"line":65,"column":19}},"28":{"start":{"line":67,"column":23},"end":{"line":70,"column":22}},"29":{"start":{"line":71,"column":8},"end":{"line":78,"column":9}},"30":{"start":{"line":71,"column":21},"end":{"line":71,"column":22}},"31":{"start":{"line":72,"column":29},"end":{"line":72,"column":41}},"32":{"start":{"line":73,"column":12},"end":{"line":73,"column":29}},"33":{"start":{"line":74,"column":12},"end":{"line":77,"column":13}},"34":{"start":{"line":75,"column":16},"end":{"line":75,"column":20}},"35":{"start":{"line":76,"column":16},"end":{"line":76,"column":39}},"36":{"start":{"line":86,"column":20},"end":{"line":86,"column":38}},"37":{"start":{"line":87,"column":20},"end":{"line":90,"column":9}},"38":{"start":{"line":88,"column":12},"end":{"line":88,"column":31}},"39":{"start":{"line":89,"column":12},"end":{"line":89,"column":39}},"40":{"start":{"line":91,"column":8},"end":{"line":91,"column":26}},"41":{"start":{"line":95,"column":0},"end":{"line":95,"column":26}},"42":{"start":{"line":96,"column":0},"end":{"line":96,"column":26}}},"fnMap":{"0":{"name":"(anonymous_0)","decl":{"start":{"line":9,"column":4},"end":{"line":9,"column":5}},"loc":{"start":{"line":9,"column":18},"end":{"line":12,"column":5}},"line":9},"1":{"name":"(anonymous_1)","decl":{"start":{"line":18,"column":4},"end":{"line":18,"column":5}},"loc":{"start":{"line":18,"column":23},"end":{"line":27,"column":5}},"line":18},"2":{"name":"(anonymous_2)","decl":{"start":{"line":25,"column":20},"end":{"line":25,"column":21}},"loc":{"start":{"line":25,"column":26},"end":{"line":25,"column":50}},"line":25},"3":{"name":"(anonymous_3)","decl":{"start":{"line":33,"column":4},"end":{"line":33,"column":5}},"loc":{"start":{"line":33,"column":24},"end":{"line":51,"column":5}},"line":33},"4":{"name":"(anonymous_4)","decl":{"start":{"line":57,"column":4},"end":{"line":57,"column":5}},"loc":{"start":{"line":57,"column":21},"end":{"line":79,"column":5}},"line":57},"5":{"name":"(anonymous_5)","decl":{"start":{"line":85,"column":4},"end":{"line":85,"column":5}},"loc":{"start":{"line":85,"column":25},"end":{"line":92,"column":5}},"line":85},"6":{"name":"(anonymous_6)","decl":{"start":{"line":87,"column":20},"end":{"line":87,"column":21}},"loc":{"start":{"line":87,"column":33},"end":{"line":90,"column":9}},"line":87}},"branchMap":{"0":{"loc":{"start":{"line":20,"column":8},"end":{"line":22,"column":9}},"type":"if","locations":[{"start":{"line":20,"column":8},"end":{"line":22,"column":9}},{"start":{"line":20,"column":8},"end":{"line":22,"column":9}}],"line":20},"1":{"loc":{"start":{"line":35,"column":8},"end":{"line":37,"column":9}},"type":"if","locations":[{"start":{"line":35,"column":8},"end":{"line":37,"column":9}},{"start":{"line":35,"column":8},"end":{"line":37,"column":9}}],"line":35},"2":{"loc":{"start":{"line":39,"column":8},"end":{"line":41,"column":9}},"type":"if","locations":[{"start":{"line":39,"column":8},"end":{"line":41,"column":9}},{"start":{"line":39,"column":8},"end":{"line":41,"column":9}}],"line":39},"3":{"loc":{"start":{"line":42,"column":8},"end":{"line":45,"column":9}},"type":"if","locations":[{"start":{"line":42,"column":8},"end":{"line":45,"column":9}},{"start":{"line":42,"column":8},"end":{"line":45,"column":9}}],"line":42},"4":{"loc":{"start":{"line":47,"column":12},"end":{"line":49,"column":13}},"type":"if","locations":[{"start":{"line":47,"column":12},"end":{"line":49,"column":13}},{"start":{"line":47,"column":12},"end":{"line":49,"column":13}}],"line":47},"5":{"loc":{"start":{"line":59,"column":8},"end":{"line":61,"column":9}},"type":"if","locations":[{"start":{"line":59,"column":8},"end":{"line":61,"column":9}},{"start":{"line":59,"column":8},"end":{"line":61,"column":9}}],"line":59},"6":{"loc":{"start":{"line":64,"column":8},"end":{"line":66,"column":9}},"type":"if","locations":[{"start":{"line":64,"column":8},"end":{"line":66,"column":9}},{"start":{"line":64,"column":8},"end":{"line":66,"column":9}}],"line":64},"7":{"loc":{"start":{"line":70,"column":11},"end":{"line":70,"column":21}},"type":"binary-expr","locations":[{"start":{"line":70,"column":11},"end":{"line":70,"column":15}},{"start":{"line":70,"column":19},"end":{"line":70,"column":21}}],"line":70},"8":{"loc":{"start":{"line":74,"column":12},"end":{"line":77,"column":13}},"type":"if","locations":[{"start":{"line":74,"column":12},"end":{"line":77,"column":13}},{"start":{"line":74,"column":12},"end":{"line":77,"column":13}}],"line":74}},"s":{"0":1,"1":11,"2":18,"3":18,"4":16,"5":18,"6":18,"7":3,"8":12,"9":12,"10":2,"11":10,"12":10,"13":2,"14":8,"15":2,"16":2,"17":6,"18":6,"19":7,"20":6,"21":76,"22":76,"23":40,"24":36,"25":36,"26":36,"27":9,"28":27,"29":27,"30":27,"31":29,"32":29,"33":29,"34":3,"35":3,"36":1,"37":1,"38":1,"39":1,"40":1,"41":1,"42":1},"f":{"0":11,"1":18,"2":3,"3":12,"4":76,"5":1,"6":1},"b":{"0":[16,2],"1":[2,10],"2":[2,8],"3":[2,6],"4":[6,1],"5":[40,36],"6":[9,27],"7":[27,2],"8":[3,26]},"inputSourceMap":null,"_coverageSchema":"1a1c01bbd47fc00a2c39e90264f33305004495a9","hash":"04cf37b397d52756bf11b36dfb3b6429d4581ba1"}
,"C:\\usr\\y2021\\xizher\\xizher-core\\src\\evented\\evented.ts": {"path":"C:\\usr\\y2021\\xizher\\xizher-core\\src\\evented\\evented.ts","statementMap":{"0":{"start":{"line":9,"column":10},"end":{"line":9,"column":84}},"1":{"start":{"line":20,"column":17},"end":{"line":20,"column":51}},"2":{"start":{"line":21,"column":4},"end":{"line":23,"column":null}},"3":{"start":{"line":22,"column":6},"end":{"line":22,"column":null}},"4":{"start":{"line":24,"column":4},"end":{"line":24,"column":null}},"5":{"start":{"line":25,"column":4},"end":{"line":27,"column":null}},"6":{"start":{"line":26,"column":20},"end":{"line":26,"column":44}},"7":{"start":{"line":39,"column":17},"end":{"line":39,"column":51}},"8":{"start":{"line":40,"column":4},"end":{"line":42,"column":null}},"9":{"start":{"line":41,"column":6},"end":{"line":41,"column":12}},"10":{"start":{"line":43,"column":22},"end":{"line":43,"column":46}},"11":{"start":{"line":44,"column":4},"end":{"line":46,"column":null}},"12":{"start":{"line":45,"column":6},"end":{"line":45,"column":12}},"13":{"start":{"line":47,"column":4},"end":{"line":50,"column":null}},"14":{"start":{"line":48,"column":6},"end":{"line":48,"column":null}},"15":{"start":{"line":49,"column":6},"end":{"line":49,"column":12}},"16":{"start":{"line":51,"column":4},"end":{"line":55,"column":null}},"17":{"start":{"line":51,"column":17},"end":{"line":51,"column":18}},"18":{"start":{"line":52,"column":6},"end":{"line":54,"column":null}},"19":{"start":{"line":53,"column":8},"end":{"line":53,"column":33}},"20":{"start":{"line":67,"column":17},"end":{"line":67,"column":51}},"21":{"start":{"line":68,"column":4},"end":{"line":70,"column":null}},"22":{"start":{"line":69,"column":6},"end":{"line":69,"column":12}},"23":{"start":{"line":71,"column":22},"end":{"line":71,"column":46}},"24":{"start":{"line":72,"column":14},"end":{"line":72,"column":30}},"25":{"start":{"line":73,"column":4},"end":{"line":75,"column":null}},"26":{"start":{"line":74,"column":6},"end":{"line":74,"column":12}},"27":{"start":{"line":76,"column":19},"end":{"line":79,"column":18}},"28":{"start":{"line":80,"column":4},"end":{"line":87,"column":null}},"29":{"start":{"line":80,"column":17},"end":{"line":80,"column":18}},"30":{"start":{"line":81,"column":23},"end":{"line":81,"column":35}},"31":{"start":{"line":82,"column":6},"end":{"line":82,"column":null}},"32":{"start":{"line":83,"column":6},"end":{"line":86,"column":null}},"33":{"start":{"line":84,"column":8},"end":{"line":84,"column":null}},"34":{"start":{"line":85,"column":8},"end":{"line":85,"column":null}},"35":{"start":{"line":99,"column":17},"end":{"line":99,"column":51}},"36":{"start":{"line":100,"column":16},"end":{"line":103,"column":5}},"37":{"start":{"line":101,"column":6},"end":{"line":101,"column":null}},"38":{"start":{"line":102,"column":6},"end":{"line":102,"column":null}},"39":{"start":{"line":104,"column":4},"end":{"line":104,"column":null}},"40":{"start":{"line":6,"column":0},"end":{"line":6,"column":13}},"41":{"start":{"line":109,"column":0},"end":{"line":109,"column":null}}},"fnMap":{"0":{"name":"(anonymous_0)","decl":{"start":{"line":6,"column":0},"end":{"line":6,"column":13}},"loc":{"start":{"line":6,"column":0},"end":{"line":107,"column":1}}},"1":{"name":"(anonymous_1)","decl":{"start":{"line":16,"column":9},"end":{"line":16,"column":11}},"loc":{"start":{"line":18,"column":42},"end":{"line":28,"column":3}}},"2":{"name":"(anonymous_2)","decl":{"start":{"line":26,"column":14},"end":{"line":26,"column":17}},"loc":{"start":{"line":26,"column":20},"end":{"line":26,"column":44}}},"3":{"name":"(anonymous_3)","decl":{"start":{"line":35,"column":9},"end":{"line":35,"column":12}},"loc":{"start":{"line":37,"column":43},"end":{"line":56,"column":3}}},"4":{"name":"(anonymous_4)","decl":{"start":{"line":63,"column":9},"end":{"line":63,"column":13}},"loc":{"start":{"line":65,"column":15},"end":{"line":88,"column":3}}},"5":{"name":"(anonymous_5)","decl":{"start":{"line":95,"column":9},"end":{"line":95,"column":13}},"loc":{"start":{"line":97,"column":42},"end":{"line":105,"column":3}}},"6":{"name":"(anonymous_6)","decl":{"start":{"line":100,"column":16},"end":{"line":100,"column":17}},"loc":{"start":{"line":100,"column":39},"end":{"line":103,"column":5}}}},"branchMap":{"0":{"loc":{"start":{"line":21,"column":4},"end":{"line":23,"column":null}},"type":"if","locations":[{"start":{"line":21,"column":4},"end":{"line":23,"column":null}},{"start":{"line":21,"column":4},"end":{"line":23,"column":null}}]},"1":{"loc":{"start":{"line":40,"column":4},"end":{"line":42,"column":null}},"type":"if","locations":[{"start":{"line":40,"column":4},"end":{"line":42,"column":null}},{"start":{"line":40,"column":4},"end":{"line":42,"column":null}}]},"2":{"loc":{"start":{"line":44,"column":4},"end":{"line":46,"column":null}},"type":"if","locations":[{"start":{"line":44,"column":4},"end":{"line":46,"column":null}},{"start":{"line":44,"column":4},"end":{"line":46,"column":null}}]},"3":{"loc":{"start":{"line":47,"column":4},"end":{"line":50,"column":null}},"type":"if","locations":[{"start":{"line":47,"column":4},"end":{"line":50,"column":null}},{"start":{"line":47,"column":4},"end":{"line":50,"column":null}}]},"4":{"loc":{"start":{"line":52,"column":6},"end":{"line":54,"column":null}},"type":"if","locations":[{"start":{"line":52,"column":6},"end":{"line":54,"column":null}},{"start":{"line":52,"column":6},"end":{"line":54,"column":null}}]},"5":{"loc":{"start":{"line":68,"column":4},"end":{"line":70,"column":null}},"type":"if","locations":[{"start":{"line":68,"column":4},"end":{"line":70,"column":null}},{"start":{"line":68,"column":4},"end":{"line":70,"column":null}}]},"6":{"loc":{"start":{"line":73,"column":4},"end":{"line":75,"column":null}},"type":"if","locations":[{"start":{"line":73,"column":4},"end":{"line":75,"column":null}},{"start":{"line":73,"column":4},"end":{"line":75,"column":null}}]},"7":{"loc":{"start":{"line":79,"column":7},"end":{"line":79,"column":11}},"type":"binary-expr","locations":[{"start":{"line":79,"column":7},"end":{"line":79,"column":11}},{"start":{"line":79,"column":15},"end":{"line":79,"column":17}}]},"8":{"loc":{"start":{"line":83,"column":6},"end":{"line":86,"column":null}},"type":"if","locations":[{"start":{"line":83,"column":6},"end":{"line":86,"column":null}},{"start":{"line":83,"column":6},"end":{"line":86,"column":null}}]}},"s":{"0":11,"1":18,"2":18,"3":16,"4":18,"5":18,"6":3,"7":12,"8":12,"9":2,"10":10,"11":10,"12":2,"13":8,"14":2,"15":2,"16":6,"17":6,"18":7,"19":6,"20":76,"21":76,"22":40,"23":36,"24":36,"25":36,"26":9,"27":27,"28":27,"29":27,"30":29,"31":29,"32":29,"33":3,"34":3,"35":1,"36":1,"37":1,"38":1,"39":1,"40":1,"41":1},"f":{"0":11,"1":18,"2":3,"3":12,"4":76,"5":1,"6":1},"b":{"0":[16,2],"1":[2,10],"2":[2,8],"3":[2,6],"4":[6,1],"5":[40,36],"6":[9,27],"7":[27,2],"8":[3,26]}}
}
