{"C:\\usr\\y2021\\xizher\\xizher-core\\dist\\evented\\evented.js": {"path":"C:\\usr\\y2021\\xizher\\xizher-core\\dist\\evented\\evented.js","statementMap":{"0":{"start":{"line":3,"column":0},"end":{"line":3,"column":62}},"1":{"start":{"line":4,"column":0},"end":{"line":4,"column":25}},"2":{"start":{"line":10,"column":8},"end":{"line":10,"column":37}},"3":{"start":{"line":12,"column":8},"end":{"line":12,"column":36}},"4":{"start":{"line":20,"column":20},"end":{"line":20,"column":38}},"5":{"start":{"line":21,"column":8},"end":{"line":23,"column":9}},"6":{"start":{"line":22,"column":12},"end":{"line":22,"column":42}},"7":{"start":{"line":24,"column":8},"end":{"line":24,"column":48}},"8":{"start":{"line":25,"column":8},"end":{"line":27,"column":10}},"9":{"start":{"line":26,"column":26},"end":{"line":26,"column":50}},"10":{"start":{"line":35,"column":20},"end":{"line":35,"column":38}},"11":{"start":{"line":36,"column":8},"end":{"line":38,"column":9}},"12":{"start":{"line":37,"column":12},"end":{"line":37,"column":19}},"13":{"start":{"line":39,"column":26},"end":{"line":39,"column":50}},"14":{"start":{"line":40,"column":8},"end":{"line":42,"column":9}},"15":{"start":{"line":41,"column":12},"end":{"line":41,"column":19}},"16":{"start":{"line":43,"column":8},"end":{"line":46,"column":9}},"17":{"start":{"line":44,"column":12},"end":{"line":44,"column":50}},"18":{"start":{"line":45,"column":12},"end":{"line":45,"column":19}},"19":{"start":{"line":47,"column":8},"end":{"line":51,"column":9}},"20":{"start":{"line":47,"column":21},"end":{"line":47,"column":22}},"21":{"start":{"line":48,"column":12},"end":{"line":50,"column":13}},"22":{"start":{"line":49,"column":16},"end":{"line":49,"column":41}},"23":{"start":{"line":59,"column":20},"end":{"line":59,"column":38}},"24":{"start":{"line":60,"column":8},"end":{"line":62,"column":9}},"25":{"start":{"line":61,"column":12},"end":{"line":61,"column":19}},"26":{"start":{"line":63,"column":26},"end":{"line":63,"column":50}},"27":{"start":{"line":64,"column":18},"end":{"line":64,"column":34}},"28":{"start":{"line":65,"column":8},"end":{"line":67,"column":9}},"29":{"start":{"line":66,"column":12},"end":{"line":66,"column":19}},"30":{"start":{"line":68,"column":23},"end":{"line":71,"column":22}},"31":{"start":{"line":72,"column":8},"end":{"line":79,"column":9}},"32":{"start":{"line":72,"column":21},"end":{"line":72,"column":22}},"33":{"start":{"line":73,"column":29},"end":{"line":73,"column":41}},"34":{"start":{"line":74,"column":12},"end":{"line":74,"column":29}},"35":{"start":{"line":75,"column":12},"end":{"line":78,"column":13}},"36":{"start":{"line":76,"column":16},"end":{"line":76,"column":20}},"37":{"start":{"line":77,"column":16},"end":{"line":77,"column":39}},"38":{"start":{"line":87,"column":20},"end":{"line":87,"column":38}},"39":{"start":{"line":88,"column":20},"end":{"line":91,"column":9}},"40":{"start":{"line":89,"column":12},"end":{"line":89,"column":31}},"41":{"start":{"line":90,"column":12},"end":{"line":90,"column":39}},"42":{"start":{"line":92,"column":8},"end":{"line":92,"column":26}},"43":{"start":{"line":95,"column":0},"end":{"line":95,"column":26}},"44":{"start":{"line":96,"column":0},"end":{"line":96,"column":26}}},"fnMap":{"0":{"name":"(anonymous_0)","decl":{"start":{"line":9,"column":4},"end":{"line":9,"column":5}},"loc":{"start":{"line":9,"column":18},"end":{"line":13,"column":5}},"line":9},"1":{"name":"(anonymous_1)","decl":{"start":{"line":19,"column":4},"end":{"line":19,"column":5}},"loc":{"start":{"line":19,"column":23},"end":{"line":28,"column":5}},"line":19},"2":{"name":"(anonymous_2)","decl":{"start":{"line":26,"column":20},"end":{"line":26,"column":21}},"loc":{"start":{"line":26,"column":26},"end":{"line":26,"column":50}},"line":26},"3":{"name":"(anonymous_3)","decl":{"start":{"line":34,"column":4},"end":{"line":34,"column":5}},"loc":{"start":{"line":34,"column":24},"end":{"line":52,"column":5}},"line":34},"4":{"name":"(anonymous_4)","decl":{"start":{"line":58,"column":4},"end":{"line":58,"column":5}},"loc":{"start":{"line":58,"column":21},"end":{"line":80,"column":5}},"line":58},"5":{"name":"(anonymous_5)","decl":{"start":{"line":86,"column":4},"end":{"line":86,"column":5}},"loc":{"start":{"line":86,"column":25},"end":{"line":93,"column":5}},"line":86},"6":{"name":"(anonymous_6)","decl":{"start":{"line":88,"column":20},"end":{"line":88,"column":21}},"loc":{"start":{"line":88,"column":33},"end":{"line":91,"column":9}},"line":88}},"branchMap":{"0":{"loc":{"start":{"line":21,"column":8},"end":{"line":23,"column":9}},"type":"if","locations":[{"start":{"line":21,"column":8},"end":{"line":23,"column":9}},{"start":{"line":21,"column":8},"end":{"line":23,"column":9}}],"line":21},"1":{"loc":{"start":{"line":36,"column":8},"end":{"line":38,"column":9}},"type":"if","locations":[{"start":{"line":36,"column":8},"end":{"line":38,"column":9}},{"start":{"line":36,"column":8},"end":{"line":38,"column":9}}],"line":36},"2":{"loc":{"start":{"line":40,"column":8},"end":{"line":42,"column":9}},"type":"if","locations":[{"start":{"line":40,"column":8},"end":{"line":42,"column":9}},{"start":{"line":40,"column":8},"end":{"line":42,"column":9}}],"line":40},"3":{"loc":{"start":{"line":43,"column":8},"end":{"line":46,"column":9}},"type":"if","locations":[{"start":{"line":43,"column":8},"end":{"line":46,"column":9}},{"start":{"line":43,"column":8},"end":{"line":46,"column":9}}],"line":43},"4":{"loc":{"start":{"line":48,"column":12},"end":{"line":50,"column":13}},"type":"if","locations":[{"start":{"line":48,"column":12},"end":{"line":50,"column":13}},{"start":{"line":48,"column":12},"end":{"line":50,"column":13}}],"line":48},"5":{"loc":{"start":{"line":60,"column":8},"end":{"line":62,"column":9}},"type":"if","locations":[{"start":{"line":60,"column":8},"end":{"line":62,"column":9}},{"start":{"line":60,"column":8},"end":{"line":62,"column":9}}],"line":60},"6":{"loc":{"start":{"line":65,"column":8},"end":{"line":67,"column":9}},"type":"if","locations":[{"start":{"line":65,"column":8},"end":{"line":67,"column":9}},{"start":{"line":65,"column":8},"end":{"line":67,"column":9}}],"line":65},"7":{"loc":{"start":{"line":71,"column":11},"end":{"line":71,"column":21}},"type":"binary-expr","locations":[{"start":{"line":71,"column":11},"end":{"line":71,"column":15}},{"start":{"line":71,"column":19},"end":{"line":71,"column":21}}],"line":71},"8":{"loc":{"start":{"line":75,"column":12},"end":{"line":78,"column":13}},"type":"if","locations":[{"start":{"line":75,"column":12},"end":{"line":78,"column":13}},{"start":{"line":75,"column":12},"end":{"line":78,"column":13}}],"line":75}},"s":{"0":1,"1":1,"2":11,"3":11,"4":18,"5":18,"6":16,"7":18,"8":18,"9":3,"10":12,"11":12,"12":2,"13":10,"14":10,"15":2,"16":8,"17":2,"18":2,"19":6,"20":6,"21":7,"22":6,"23":76,"24":76,"25":40,"26":36,"27":36,"28":36,"29":9,"30":27,"31":27,"32":27,"33":29,"34":29,"35":29,"36":3,"37":3,"38":1,"39":1,"40":1,"41":1,"42":1,"43":1,"44":1},"f":{"0":11,"1":18,"2":3,"3":12,"4":76,"5":1,"6":1},"b":{"0":[16,2],"1":[2,10],"2":[2,8],"3":[2,6],"4":[6,1],"5":[40,36],"6":[9,27],"7":[27,2],"8":[3,26]},"inputSourceMap":null,"_coverageSchema":"1a1c01bbd47fc00a2c39e90264f33305004495a9","hash":"18347d83cccfa99defdde0e29bb3eece2978ea2d"}
,"C:\\usr\\y2021\\xizher\\xizher-core\\es\\evented\\evented.js": {"path":"C:\\usr\\y2021\\xizher\\xizher-core\\es\\evented\\evented.js","statementMap":{"0":{"start":{"line":3,"column":0},"end":{"line":3,"column":62}},"1":{"start":{"line":10,"column":8},"end":{"line":10,"column":37}},"2":{"start":{"line":12,"column":8},"end":{"line":12,"column":36}},"3":{"start":{"line":20,"column":20},"end":{"line":20,"column":38}},"4":{"start":{"line":21,"column":8},"end":{"line":23,"column":9}},"5":{"start":{"line":22,"column":12},"end":{"line":22,"column":42}},"6":{"start":{"line":24,"column":8},"end":{"line":24,"column":48}},"7":{"start":{"line":25,"column":8},"end":{"line":27,"column":10}},"8":{"start":{"line":26,"column":26},"end":{"line":26,"column":50}},"9":{"start":{"line":35,"column":20},"end":{"line":35,"column":38}},"10":{"start":{"line":36,"column":8},"end":{"line":38,"column":9}},"11":{"start":{"line":37,"column":12},"end":{"line":37,"column":19}},"12":{"start":{"line":39,"column":26},"end":{"line":39,"column":50}},"13":{"start":{"line":40,"column":8},"end":{"line":42,"column":9}},"14":{"start":{"line":41,"column":12},"end":{"line":41,"column":19}},"15":{"start":{"line":43,"column":8},"end":{"line":46,"column":9}},"16":{"start":{"line":44,"column":12},"end":{"line":44,"column":50}},"17":{"start":{"line":45,"column":12},"end":{"line":45,"column":19}},"18":{"start":{"line":47,"column":8},"end":{"line":51,"column":9}},"19":{"start":{"line":47,"column":21},"end":{"line":47,"column":22}},"20":{"start":{"line":48,"column":12},"end":{"line":50,"column":13}},"21":{"start":{"line":49,"column":16},"end":{"line":49,"column":41}},"22":{"start":{"line":59,"column":20},"end":{"line":59,"column":38}},"23":{"start":{"line":60,"column":8},"end":{"line":62,"column":9}},"24":{"start":{"line":61,"column":12},"end":{"line":61,"column":19}},"25":{"start":{"line":63,"column":26},"end":{"line":63,"column":50}},"26":{"start":{"line":64,"column":18},"end":{"line":64,"column":34}},"27":{"start":{"line":65,"column":8},"end":{"line":67,"column":9}},"28":{"start":{"line":66,"column":12},"end":{"line":66,"column":19}},"29":{"start":{"line":68,"column":23},"end":{"line":71,"column":22}},"30":{"start":{"line":72,"column":8},"end":{"line":79,"column":9}},"31":{"start":{"line":72,"column":21},"end":{"line":72,"column":22}},"32":{"start":{"line":73,"column":29},"end":{"line":73,"column":41}},"33":{"start":{"line":74,"column":12},"end":{"line":74,"column":29}},"34":{"start":{"line":75,"column":12},"end":{"line":78,"column":13}},"35":{"start":{"line":76,"column":16},"end":{"line":76,"column":20}},"36":{"start":{"line":77,"column":16},"end":{"line":77,"column":39}},"37":{"start":{"line":87,"column":20},"end":{"line":87,"column":38}},"38":{"start":{"line":88,"column":20},"end":{"line":91,"column":9}},"39":{"start":{"line":89,"column":12},"end":{"line":89,"column":31}},"40":{"start":{"line":90,"column":12},"end":{"line":90,"column":39}},"41":{"start":{"line":92,"column":8},"end":{"line":92,"column":26}},"42":{"start":{"line":96,"column":0},"end":{"line":96,"column":26}},"43":{"start":{"line":97,"column":0},"end":{"line":97,"column":26}}},"fnMap":{"0":{"name":"(anonymous_0)","decl":{"start":{"line":9,"column":4},"end":{"line":9,"column":5}},"loc":{"start":{"line":9,"column":18},"end":{"line":13,"column":5}},"line":9},"1":{"name":"(anonymous_1)","decl":{"start":{"line":19,"column":4},"end":{"line":19,"column":5}},"loc":{"start":{"line":19,"column":23},"end":{"line":28,"column":5}},"line":19},"2":{"name":"(anonymous_2)","decl":{"start":{"line":26,"column":20},"end":{"line":26,"column":21}},"loc":{"start":{"line":26,"column":26},"end":{"line":26,"column":50}},"line":26},"3":{"name":"(anonymous_3)","decl":{"start":{"line":34,"column":4},"end":{"line":34,"column":5}},"loc":{"start":{"line":34,"column":24},"end":{"line":52,"column":5}},"line":34},"4":{"name":"(anonymous_4)","decl":{"start":{"line":58,"column":4},"end":{"line":58,"column":5}},"loc":{"start":{"line":58,"column":21},"end":{"line":80,"column":5}},"line":58},"5":{"name":"(anonymous_5)","decl":{"start":{"line":86,"column":4},"end":{"line":86,"column":5}},"loc":{"start":{"line":86,"column":25},"end":{"line":93,"column":5}},"line":86},"6":{"name":"(anonymous_6)","decl":{"start":{"line":88,"column":20},"end":{"line":88,"column":21}},"loc":{"start":{"line":88,"column":33},"end":{"line":91,"column":9}},"line":88}},"branchMap":{"0":{"loc":{"start":{"line":21,"column":8},"end":{"line":23,"column":9}},"type":"if","locations":[{"start":{"line":21,"column":8},"end":{"line":23,"column":9}},{"start":{"line":21,"column":8},"end":{"line":23,"column":9}}],"line":21},"1":{"loc":{"start":{"line":36,"column":8},"end":{"line":38,"column":9}},"type":"if","locations":[{"start":{"line":36,"column":8},"end":{"line":38,"column":9}},{"start":{"line":36,"column":8},"end":{"line":38,"column":9}}],"line":36},"2":{"loc":{"start":{"line":40,"column":8},"end":{"line":42,"column":9}},"type":"if","locations":[{"start":{"line":40,"column":8},"end":{"line":42,"column":9}},{"start":{"line":40,"column":8},"end":{"line":42,"column":9}}],"line":40},"3":{"loc":{"start":{"line":43,"column":8},"end":{"line":46,"column":9}},"type":"if","locations":[{"start":{"line":43,"column":8},"end":{"line":46,"column":9}},{"start":{"line":43,"column":8},"end":{"line":46,"column":9}}],"line":43},"4":{"loc":{"start":{"line":48,"column":12},"end":{"line":50,"column":13}},"type":"if","locations":[{"start":{"line":48,"column":12},"end":{"line":50,"column":13}},{"start":{"line":48,"column":12},"end":{"line":50,"column":13}}],"line":48},"5":{"loc":{"start":{"line":60,"column":8},"end":{"line":62,"column":9}},"type":"if","locations":[{"start":{"line":60,"column":8},"end":{"line":62,"column":9}},{"start":{"line":60,"column":8},"end":{"line":62,"column":9}}],"line":60},"6":{"loc":{"start":{"line":65,"column":8},"end":{"line":67,"column":9}},"type":"if","locations":[{"start":{"line":65,"column":8},"end":{"line":67,"column":9}},{"start":{"line":65,"column":8},"end":{"line":67,"column":9}}],"line":65},"7":{"loc":{"start":{"line":71,"column":11},"end":{"line":71,"column":21}},"type":"binary-expr","locations":[{"start":{"line":71,"column":11},"end":{"line":71,"column":15}},{"start":{"line":71,"column":19},"end":{"line":71,"column":21}}],"line":71},"8":{"loc":{"start":{"line":75,"column":12},"end":{"line":78,"column":13}},"type":"if","locations":[{"start":{"line":75,"column":12},"end":{"line":78,"column":13}},{"start":{"line":75,"column":12},"end":{"line":78,"column":13}}],"line":75}},"s":{"0":1,"1":11,"2":11,"3":18,"4":18,"5":16,"6":18,"7":18,"8":3,"9":12,"10":12,"11":2,"12":10,"13":10,"14":2,"15":8,"16":2,"17":2,"18":6,"19":6,"20":7,"21":6,"22":76,"23":76,"24":40,"25":36,"26":36,"27":36,"28":9,"29":27,"30":27,"31":27,"32":29,"33":29,"34":29,"35":3,"36":3,"37":1,"38":1,"39":1,"40":1,"41":1,"42":1,"43":1},"f":{"0":11,"1":18,"2":3,"3":12,"4":76,"5":1,"6":1},"b":{"0":[16,2],"1":[2,10],"2":[2,8],"3":[2,6],"4":[6,1],"5":[40,36],"6":[9,27],"7":[27,2],"8":[3,26]},"inputSourceMap":null,"_coverageSchema":"1a1c01bbd47fc00a2c39e90264f33305004495a9","hash":"dfdce101abc8debc6444bbdf6056c5847f5a7902"}
,"C:\\usr\\y2021\\xizher\\xizher-core\\src\\evented\\evented.ts": {"path":"C:\\usr\\y2021\\xizher\\xizher-core\\src\\evented\\evented.ts","statementMap":{"0":{"start":{"line":9,"column":18},"end":{"line":9,"column":null}},"1":{"start":{"line":12,"column":10},"end":{"line":12,"column":84}},"2":{"start":{"line":23,"column":17},"end":{"line":23,"column":51}},"3":{"start":{"line":24,"column":4},"end":{"line":26,"column":null}},"4":{"start":{"line":25,"column":6},"end":{"line":25,"column":null}},"5":{"start":{"line":27,"column":4},"end":{"line":27,"column":null}},"6":{"start":{"line":28,"column":4},"end":{"line":30,"column":null}},"7":{"start":{"line":29,"column":20},"end":{"line":29,"column":44}},"8":{"start":{"line":42,"column":17},"end":{"line":42,"column":51}},"9":{"start":{"line":43,"column":4},"end":{"line":45,"column":null}},"10":{"start":{"line":44,"column":6},"end":{"line":44,"column":12}},"11":{"start":{"line":46,"column":22},"end":{"line":46,"column":46}},"12":{"start":{"line":47,"column":4},"end":{"line":49,"column":null}},"13":{"start":{"line":48,"column":6},"end":{"line":48,"column":12}},"14":{"start":{"line":50,"column":4},"end":{"line":53,"column":null}},"15":{"start":{"line":51,"column":6},"end":{"line":51,"column":null}},"16":{"start":{"line":52,"column":6},"end":{"line":52,"column":12}},"17":{"start":{"line":54,"column":4},"end":{"line":58,"column":null}},"18":{"start":{"line":54,"column":17},"end":{"line":54,"column":18}},"19":{"start":{"line":55,"column":6},"end":{"line":57,"column":null}},"20":{"start":{"line":56,"column":8},"end":{"line":56,"column":33}},"21":{"start":{"line":70,"column":17},"end":{"line":70,"column":51}},"22":{"start":{"line":71,"column":4},"end":{"line":73,"column":null}},"23":{"start":{"line":72,"column":6},"end":{"line":72,"column":12}},"24":{"start":{"line":74,"column":22},"end":{"line":74,"column":46}},"25":{"start":{"line":75,"column":14},"end":{"line":75,"column":30}},"26":{"start":{"line":76,"column":4},"end":{"line":78,"column":null}},"27":{"start":{"line":77,"column":6},"end":{"line":77,"column":12}},"28":{"start":{"line":79,"column":19},"end":{"line":82,"column":18}},"29":{"start":{"line":83,"column":4},"end":{"line":90,"column":null}},"30":{"start":{"line":83,"column":17},"end":{"line":83,"column":18}},"31":{"start":{"line":84,"column":23},"end":{"line":84,"column":35}},"32":{"start":{"line":85,"column":6},"end":{"line":85,"column":null}},"33":{"start":{"line":86,"column":6},"end":{"line":89,"column":null}},"34":{"start":{"line":87,"column":8},"end":{"line":87,"column":null}},"35":{"start":{"line":88,"column":8},"end":{"line":88,"column":null}},"36":{"start":{"line":102,"column":17},"end":{"line":102,"column":51}},"37":{"start":{"line":103,"column":16},"end":{"line":106,"column":5}},"38":{"start":{"line":104,"column":6},"end":{"line":104,"column":null}},"39":{"start":{"line":105,"column":6},"end":{"line":105,"column":null}},"40":{"start":{"line":107,"column":4},"end":{"line":107,"column":null}},"41":{"start":{"line":7,"column":0},"end":{"line":7,"column":13}},"42":{"start":{"line":112,"column":0},"end":{"line":112,"column":null}}},"fnMap":{"0":{"name":"(anonymous_0)","decl":{"start":{"line":7,"column":0},"end":{"line":7,"column":13}},"loc":{"start":{"line":7,"column":0},"end":{"line":110,"column":1}}},"1":{"name":"(anonymous_1)","decl":{"start":{"line":19,"column":9},"end":{"line":19,"column":11}},"loc":{"start":{"line":21,"column":42},"end":{"line":31,"column":3}}},"2":{"name":"(anonymous_2)","decl":{"start":{"line":29,"column":14},"end":{"line":29,"column":17}},"loc":{"start":{"line":29,"column":20},"end":{"line":29,"column":44}}},"3":{"name":"(anonymous_3)","decl":{"start":{"line":38,"column":9},"end":{"line":38,"column":12}},"loc":{"start":{"line":40,"column":43},"end":{"line":59,"column":3}}},"4":{"name":"(anonymous_4)","decl":{"start":{"line":66,"column":9},"end":{"line":66,"column":13}},"loc":{"start":{"line":68,"column":15},"end":{"line":91,"column":3}}},"5":{"name":"(anonymous_5)","decl":{"start":{"line":98,"column":9},"end":{"line":98,"column":13}},"loc":{"start":{"line":100,"column":42},"end":{"line":108,"column":3}}},"6":{"name":"(anonymous_6)","decl":{"start":{"line":103,"column":16},"end":{"line":103,"column":17}},"loc":{"start":{"line":103,"column":39},"end":{"line":106,"column":5}}}},"branchMap":{"0":{"loc":{"start":{"line":24,"column":4},"end":{"line":26,"column":null}},"type":"if","locations":[{"start":{"line":24,"column":4},"end":{"line":26,"column":null}},{"start":{"line":24,"column":4},"end":{"line":26,"column":null}}]},"1":{"loc":{"start":{"line":43,"column":4},"end":{"line":45,"column":null}},"type":"if","locations":[{"start":{"line":43,"column":4},"end":{"line":45,"column":null}},{"start":{"line":43,"column":4},"end":{"line":45,"column":null}}]},"2":{"loc":{"start":{"line":47,"column":4},"end":{"line":49,"column":null}},"type":"if","locations":[{"start":{"line":47,"column":4},"end":{"line":49,"column":null}},{"start":{"line":47,"column":4},"end":{"line":49,"column":null}}]},"3":{"loc":{"start":{"line":50,"column":4},"end":{"line":53,"column":null}},"type":"if","locations":[{"start":{"line":50,"column":4},"end":{"line":53,"column":null}},{"start":{"line":50,"column":4},"end":{"line":53,"column":null}}]},"4":{"loc":{"start":{"line":55,"column":6},"end":{"line":57,"column":null}},"type":"if","locations":[{"start":{"line":55,"column":6},"end":{"line":57,"column":null}},{"start":{"line":55,"column":6},"end":{"line":57,"column":null}}]},"5":{"loc":{"start":{"line":71,"column":4},"end":{"line":73,"column":null}},"type":"if","locations":[{"start":{"line":71,"column":4},"end":{"line":73,"column":null}},{"start":{"line":71,"column":4},"end":{"line":73,"column":null}}]},"6":{"loc":{"start":{"line":76,"column":4},"end":{"line":78,"column":null}},"type":"if","locations":[{"start":{"line":76,"column":4},"end":{"line":78,"column":null}},{"start":{"line":76,"column":4},"end":{"line":78,"column":null}}]},"7":{"loc":{"start":{"line":82,"column":7},"end":{"line":82,"column":11}},"type":"binary-expr","locations":[{"start":{"line":82,"column":7},"end":{"line":82,"column":11}},{"start":{"line":82,"column":15},"end":{"line":82,"column":17}}]},"8":{"loc":{"start":{"line":86,"column":6},"end":{"line":89,"column":null}},"type":"if","locations":[{"start":{"line":86,"column":6},"end":{"line":89,"column":null}},{"start":{"line":86,"column":6},"end":{"line":89,"column":null}}]}},"s":{"0":11,"1":11,"2":18,"3":18,"4":16,"5":18,"6":18,"7":3,"8":12,"9":12,"10":2,"11":10,"12":10,"13":2,"14":8,"15":2,"16":2,"17":6,"18":6,"19":7,"20":6,"21":76,"22":76,"23":40,"24":36,"25":36,"26":36,"27":9,"28":27,"29":27,"30":27,"31":29,"32":29,"33":29,"34":3,"35":3,"36":1,"37":1,"38":1,"39":1,"40":1,"41":1,"42":1},"f":{"0":11,"1":18,"2":3,"3":12,"4":76,"5":1,"6":1},"b":{"0":[16,2],"1":[2,10],"2":[2,8],"3":[2,6],"4":[6,1],"5":[40,36],"6":[9,27],"7":[27,2],"8":[3,26]}}
}
