TN:
SF:dist\evented\evented.js
FN:9,(anonymous_0)
FN:19,(anonymous_1)
FN:26,(anonymous_2)
FN:34,(anonymous_3)
FN:58,(anonymous_4)
FN:86,(anonymous_5)
FN:88,(anonymous_6)
FNF:7
FNH:7
FNDA:11,(anonymous_0)
FNDA:18,(anonymous_1)
FNDA:3,(anonymous_2)
FNDA:12,(anonymous_3)
FNDA:76,(anonymous_4)
FNDA:1,(anonymous_5)
FNDA:1,(anonymous_6)
DA:3,1
DA:4,1
DA:10,11
DA:12,11
DA:20,18
DA:21,18
DA:22,16
DA:24,18
DA:25,18
DA:26,3
DA:35,12
DA:36,12
DA:37,2
DA:39,10
DA:40,10
DA:41,2
DA:43,8
DA:44,2
DA:45,2
DA:47,6
DA:48,7
DA:49,6
DA:59,76
DA:60,76
DA:61,40
DA:63,36
DA:64,36
DA:65,36
DA:66,9
DA:68,27
DA:72,27
DA:73,29
DA:74,29
DA:75,29
DA:76,3
DA:77,3
DA:87,1
DA:88,1
DA:89,1
DA:90,1
DA:92,1
DA:95,1
DA:96,1
LF:43
LH:43
BRDA:21,0,0,16
BRDA:21,0,1,2
BRDA:36,1,0,2
BRDA:36,1,1,10
BRDA:40,2,0,2
BRDA:40,2,1,8
BRDA:43,3,0,2
BRDA:43,3,1,6
BRDA:48,4,0,6
BRDA:48,4,1,1
BRDA:60,5,0,40
BRDA:60,5,1,36
BRDA:65,6,0,9
BRDA:65,6,1,27
BRDA:71,7,0,27
BRDA:71,7,1,2
BRDA:75,8,0,3
BRDA:75,8,1,26
BRF:18
BRH:18
end_of_record
TN:
SF:es\evented\evented.js
FN:9,(anonymous_0)
FN:19,(anonymous_1)
FN:26,(anonymous_2)
FN:34,(anonymous_3)
FN:58,(anonymous_4)
FN:86,(anonymous_5)
FN:88,(anonymous_6)
FNF:7
FNH:7
FNDA:11,(anonymous_0)
FNDA:18,(anonymous_1)
FNDA:3,(anonymous_2)
FNDA:12,(anonymous_3)
FNDA:76,(anonymous_4)
FNDA:1,(anonymous_5)
FNDA:1,(anonymous_6)
DA:3,1
DA:10,11
DA:12,11
DA:20,18
DA:21,18
DA:22,16
DA:24,18
DA:25,18
DA:26,3
DA:35,12
DA:36,12
DA:37,2
DA:39,10
DA:40,10
DA:41,2
DA:43,8
DA:44,2
DA:45,2
DA:47,6
DA:48,7
DA:49,6
DA:59,76
DA:60,76
DA:61,40
DA:63,36
DA:64,36
DA:65,36
DA:66,9
DA:68,27
DA:72,27
DA:73,29
DA:74,29
DA:75,29
DA:76,3
DA:77,3
DA:87,1
DA:88,1
DA:89,1
DA:90,1
DA:92,1
DA:96,1
DA:97,1
LF:42
LH:42
BRDA:21,0,0,16
BRDA:21,0,1,2
BRDA:36,1,0,2
BRDA:36,1,1,10
BRDA:40,2,0,2
BRDA:40,2,1,8
BRDA:43,3,0,2
BRDA:43,3,1,6
BRDA:48,4,0,6
BRDA:48,4,1,1
BRDA:60,5,0,40
BRDA:60,5,1,36
BRDA:65,6,0,9
BRDA:65,6,1,27
BRDA:71,7,0,27
BRDA:71,7,1,2
BRDA:75,8,0,3
BRDA:75,8,1,26
BRF:18
BRH:18
end_of_record
TN:
SF:src\evented\evented.ts
FN:7,(anonymous_0)
FN:19,(anonymous_1)
FN:29,(anonymous_2)
FN:38,(anonymous_3)
FN:66,(anonymous_4)
FN:98,(anonymous_5)
FN:103,(anonymous_6)
FNF:7
FNH:7
FNDA:11,(anonymous_0)
FNDA:18,(anonymous_1)
FNDA:3,(anonymous_2)
FNDA:12,(anonymous_3)
FNDA:76,(anonymous_4)
FNDA:1,(anonymous_5)
FNDA:1,(anonymous_6)
DA:7,1
DA:9,11
DA:12,11
DA:23,18
DA:24,18
DA:25,16
DA:27,18
DA:28,18
DA:29,3
DA:42,12
DA:43,12
DA:44,2
DA:46,10
DA:47,10
DA:48,2
DA:50,8
DA:51,2
DA:52,2
DA:54,6
DA:55,7
DA:56,6
DA:70,76
DA:71,76
DA:72,40
DA:74,36
DA:75,36
DA:76,36
DA:77,9
DA:79,27
DA:83,27
DA:84,29
DA:85,29
DA:86,29
DA:87,3
DA:88,3
DA:102,1
DA:103,1
DA:104,1
DA:105,1
DA:107,1
DA:112,1
LF:41
LH:41
BRDA:24,0,0,16
BRDA:24,0,1,2
BRDA:43,1,0,2
BRDA:43,1,1,10
BRDA:47,2,0,2
BRDA:47,2,1,8
BRDA:50,3,0,2
BRDA:50,3,1,6
BRDA:55,4,0,6
BRDA:55,4,1,1
BRDA:71,5,0,40
BRDA:71,5,1,36
BRDA:76,6,0,9
BRDA:76,6,1,27
BRDA:82,7,0,27
BRDA:82,7,1,2
BRDA:86,8,0,3
BRDA:86,8,1,26
BRF:18
BRH:18
end_of_record
